SET
SET
SET
SET
SET
 set_config 
------------
 
(1 row)

SET
SET
SET
SET
SET
SET
CREATE TABLE
ERROR:  role "myuser" does not exist
CREATE TABLE
ERROR:  role "myuser" does not exist
CREATE TABLE
ERROR:  role "myuser" does not exist
CREATE TABLE
ERROR:  role "myuser" does not exist
CREATE SEQUENCE
ERROR:  role "myuser" does not exist
ALTER SEQUENCE
CREATE TABLE
ERROR:  role "myuser" does not exist
CREATE TABLE
ERROR:  role "myuser" does not exist
CREATE TABLE
ERROR:  role "myuser" does not exist
CREATE VIEW
ERROR:  role "myuser" does not exist
CREATE TABLE
ERROR:  role "myuser" does not exist
CREATE TABLE
ERROR:  role "myuser" does not exist
CREATE TABLE
ERROR:  role "myuser" does not exist
CREATE TABLE
ERROR:  role "myuser" does not exist
ALTER TABLE
COPY 19
COPY 8
COPY 10
COPY 11
COPY 6
COPY 1
COPY 3
COPY 8
COPY 9
COPY 3
COPY 16
 setval 
--------
      1
(1 row)

ALTER TABLE
ALTER TABLE
ALTER TABLE
ALTER TABLE
ALTER TABLE
ALTER TABLE
ALTER TABLE
ALTER TABLE
ALTER TABLE
ALTER TABLE
ALTER TABLE
CREATE INDEX
CREATE INDEX
ALTER TABLE
ALTER TABLE
ALTER TABLE
ALTER TABLE
ALTER TABLE
ALTER TABLE
ALTER TABLE
ALTER TABLE
ALTER TABLE
ALTER TABLE
ALTER TABLE
ALTER TABLE
ALTER TABLE
ALTER TABLE
